[93m[WARN] [0mWarning: max_mel_freq (0.000000) > Nyquist (22000), clamping to 22000
[96m---------------------------------------------------------
| Function             | Exec Time    | % of total runtime |
---------------------------------------------------------[0m
[91m| pre:fft              |    62.377 ms | 87.9243% |[0m
[96m[▰▰▰▰▰▰▰▰▰▰▰▰▰▰▰▰▰   ][0m
[92m| plt:stft             |     4.248 ms | 5.9878% |[0m
[96m[▰                   ][0m
[32m| plt:mel              |     1.258 ms | 1.7732% |[0m
[96m[                    ][0m
[32m| stft                 |     1.146 ms | 1.6154% |[0m
[96m[                    ][0m
[32m| dec_wav              |  701.000 µs | 0.9881% |[0m
[96m[                    ][0m
[32m| plt:mfcc             |  558.000 µs | 0.7865% |[0m
[96m[                    ][0m
[32m| auto_det             |  356.000 µs | 0.5018% |[0m
[96m[                    ][0m
[32m| mel                  |  159.000 µs | 0.2241% |[0m
[96m[                    ][0m
[32m| copy                 |   83.000 µs | 0.1170% |[0m
[96m[                    ][0m
[34m| pre:mel              |   23.000 µs | 0.0324% |[0m
[96m[                    ][0m
[34m| mfcc                 |   18.000 µs | 0.0254% |[0m
[96m[                    ][0m
[34m| pre:win              |   17.000 µs | 0.0240% |[0m
[96m[                    ][0m
[96m---------------------------------------------------------
[0m[93m[WARN] [0mWarning: max_mel_freq (0.000000) > Nyquist (22000), clamping to 22000
[96m---------------------------------------------------------
| Function             | Exec Time    | % of total runtime |
---------------------------------------------------------[0m
[91m| pre:fft              |    94.915 ms | 87.9136% |[0m
[96m[▰▰▰▰▰▰▰▰▰▰▰▰▰▰▰▰▰   ][0m
[92m| plt:stft             |     6.182 ms | 5.7260% |[0m
[96m[▰                   ][0m
[32m| stft                 |     3.545 ms | 3.2835% |[0m
[96m[                    ][0m
[32m| plt:mel              |     1.679 ms | 1.5551% |[0m
[96m[                    ][0m
[32m| dec_wav              |  561.000 µs | 0.5196% |[0m
[96m[                    ][0m
[32m| plt:mfcc             |  310.000 µs | 0.2871% |[0m
[96m[                    ][0m
[32m| mel                  |  263.000 µs | 0.2436% |[0m
[96m[                    ][0m
[32m| auto_det             |  216.000 µs | 0.2001% |[0m
[96m[                    ][0m
[32m| copy                 |  160.000 µs | 0.1482% |[0m
[96m[                    ][0m
[34m| pre:mel              |   89.000 µs | 0.0824% |[0m
[96m[                    ][0m
[34m| mfcc                 |   30.000 µs | 0.0278% |[0m
[96m[                    ][0m
[34m| pre:win              |   14.000 µs | 0.0130% |[0m
[96m[                    ][0m
[96m---------------------------------------------------------
[0m[93m[WARN] [0mWarning: max_mel_freq (0.000000) > Nyquist (22000), clamping to 22000
[96m---------------------------------------------------------
| Function             | Exec Time    | % of total runtime |
---------------------------------------------------------[0m
[91m| plt:stft             |     8.368 ms | 62.3547% |[0m
[96m[▰▰▰▰▰▰▰▰▰▰▰▰        ][0m
[33m| stft                 |     1.546 ms | 11.5201% |[0m
[96m[▰▰                  ][0m
[92m| plt:mel              |     1.220 ms | 9.0909% |[0m
[96m[▰                   ][0m
[92m| pre:fft              |  655.000 µs | 4.8808% |[0m
[96m[                    ][0m
[92m| dec_wav              |  558.000 µs | 4.1580% |[0m
[96m[                    ][0m
[92m| plt:mfcc             |  474.000 µs | 3.5320% |[0m
[96m[                    ][0m
[32m| auto_det             |  218.000 µs | 1.6244% |[0m
[96m[                    ][0m
[32m| copy                 |  158.000 µs | 1.1773% |[0m
[96m[                    ][0m
[32m| mel                  |  150.000 µs | 1.1177% |[0m
[96m[                    ][0m
[32m| mfcc                 |   46.000 µs | 0.3428% |[0m
[96m[                    ][0m
[32m| pre:win              |   14.000 µs | 0.1043% |[0m
[96m[                    ][0m
[32m| pre:mel              |   13.000 µs | 0.0969% |[0m
[96m[                    ][0m
[96m---------------------------------------------------------
[0m[93m[WARN] [0mWarning: max_mel_freq (0.000000) > Nyquist (22000), clamping to 22000
[96m---------------------------------------------------------
| Function             | Exec Time    | % of total runtime |
---------------------------------------------------------[0m
[91m| pre:fft              |   121.661 ms | 79.1404% |[0m
[96m[▰▰▰▰▰▰▰▰▰▰▰▰▰▰▰     ][0m
[33m| plt:stft             |    24.999 ms | 16.2618% |[0m
[96m[▰▰▰                 ][0m
[32m| plt:mel              |     2.155 ms | 1.4018% |[0m
[96m[                    ][0m
[32m| stft                 |     1.910 ms | 1.2425% |[0m
[96m[                    ][0m
[32m| mel                  |  972.000 µs | 0.6323% |[0m
[96m[                    ][0m
[32m| copy                 |  748.000 µs | 0.4866% |[0m
[96m[                    ][0m
[32m| plt:mfcc             |  692.000 µs | 0.4501% |[0m
[96m[                    ][0m
[32m| dec_wav              |  341.000 µs | 0.2218% |[0m
[96m[                    ][0m
[34m| auto_det             |   93.000 µs | 0.0605% |[0m
[96m[                    ][0m
[34m| pre:win              |   59.000 µs | 0.0384% |[0m
[96m[                    ][0m
[34m| pre:mel              |   51.000 µs | 0.0332% |[0m
[96m[                    ][0m
[34m| mfcc                 |   47.000 µs | 0.0306% |[0m
[96m[                    ][0m
[96m---------------------------------------------------------
[0m[93m[WARN] [0mWarning: max_mel_freq (0.000000) > Nyquist (22000), clamping to 22000
[96m---------------------------------------------------------
| Function             | Exec Time    | % of total runtime |
---------------------------------------------------------[0m
[91m| plt:stft             |    46.392 ms | 78.1668% |[0m
[96m[▰▰▰▰▰▰▰▰▰▰▰▰▰▰▰     ][0m
[92m| stft                 |     4.273 ms | 7.1997% |[0m
[96m[▰                   ][0m
[92m| plt:mel              |     3.459 ms | 5.8281% |[0m
[96m[▰                   ][0m
[32m| mel                  |     1.641 ms | 2.7650% |[0m
[96m[                    ][0m
[32m| plt:mfcc             |     1.118 ms | 1.8837% |[0m
[96m[                    ][0m
[32m| copy                 |     1.048 ms | 1.7658% |[0m
[96m[                    ][0m
[32m| pre:fft              |  728.000 µs | 1.2266% |[0m
[96m[                    ][0m
[32m| dec_wav              |  338.000 µs | 0.5695% |[0m
[96m[                    ][0m
[32m| mfcc                 |  102.000 µs | 0.1719% |[0m
[96m[                    ][0m
[32m| pre:mel              |   99.000 µs | 0.1668% |[0m
[96m[                    ][0m
[32m| auto_det             |   95.000 µs | 0.1601% |[0m
[96m[                    ][0m
[32m| pre:win              |   57.000 µs | 0.0960% |[0m
[96m[                    ][0m
[96m---------------------------------------------------------
[0m[93m[WARN] [0mWarning: max_mel_freq (0.000000) > Nyquist (22000), clamping to 22000
[96m---------------------------------------------------------
| Function             | Exec Time    | % of total runtime |
---------------------------------------------------------[0m
[91m| plt:stft             |     7.562 ms | 59.3610% |[0m
[96m[▰▰▰▰▰▰▰▰▰▰▰         ][0m
[33m| plt:mel              |     1.762 ms | 13.8315% |[0m
[96m[▰▰                  ][0m
[33m| stft                 |     1.192 ms | 9.3571% |[0m
[96m[▰                   ][0m
[92m| pre:fft              |  648.000 µs | 5.0867% |[0m
[96m[▰                   ][0m
[92m| dec_wav              |  548.000 µs | 4.3018% |[0m
[96m[                    ][0m
[92m| plt:mfcc             |  427.000 µs | 3.3519% |[0m
[96m[                    ][0m
[32m| auto_det             |  214.000 µs | 1.6799% |[0m
[96m[                    ][0m
[32m| copy                 |  166.000 µs | 1.3031% |[0m
[96m[                    ][0m
[32m| mel                  |  163.000 µs | 1.2795% |[0m
[96m[                    ][0m
[32m| mfcc                 |   27.000 µs | 0.2119% |[0m
[96m[                    ][0m
[32m| pre:mel              |   18.000 µs | 0.1413% |[0m
[96m[                    ][0m
[32m| pre:win              |   12.000 µs | 0.0942% |[0m
[96m[                    ][0m
[96m---------------------------------------------------------
[0m[93m[WARN] [0mWarning: max_mel_freq (0.000000) > Nyquist (22000), clamping to 22000
[96m---------------------------------------------------------
| Function             | Exec Time    | % of total runtime |
---------------------------------------------------------[0m
[91m| plt:stft             |    26.475 ms | 55.0908% |[0m
[96m[▰▰▰▰▰▰▰▰▰▰▰         ][0m
[35m| stft                 |    14.826 ms | 30.8509% |[0m
[96m[▰▰▰▰▰▰              ][0m
[92m| plt:mel              |     2.266 ms | 4.7152% |[0m
[96m[                    ][0m
[32m| copy                 |     1.050 ms | 2.1849% |[0m
[96m[                    ][0m
[32m| mel                  |     1.013 ms | 2.1079% |[0m
[96m[                    ][0m
[32m| pre:fft              |  816.000 µs | 1.6980% |[0m
[96m[                    ][0m
[32m| plt:mfcc             |  763.000 µs | 1.5877% |[0m
[96m[                    ][0m
[32m| dec_wav              |  574.000 µs | 1.1944% |[0m
[96m[                    ][0m
[32m| auto_det             |  135.000 µs | 0.2809% |[0m
[96m[                    ][0m
[32m| pre:win              |   68.000 µs | 0.1415% |[0m
[96m[                    ][0m
[32m| mfcc                 |   43.000 µs | 0.0895% |[0m
[96m[                    ][0m
[32m| pre:mel              |   28.000 µs | 0.0583% |[0m
[96m[                    ][0m
[96m---------------------------------------------------------
[0m[93m[WARN] [0mWarning: max_mel_freq (0.000000) > Nyquist (22000), clamping to 22000
[96m---------------------------------------------------------
| Function             | Exec Time    | % of total runtime |
---------------------------------------------------------[0m
[91m| plt:stft             |    26.413 ms | 67.0568% |[0m
[96m[▰▰▰▰▰▰▰▰▰▰▰▰▰       ][0m
[33m| stft                 |     5.409 ms | 13.7323% |[0m
[96m[▰▰                  ][0m
[92m| plt:mel              |     3.448 ms | 8.7537% |[0m
[96m[▰                   ][0m
[32m| plt:mfcc             |     1.275 ms | 3.2369% |[0m
[96m[                    ][0m
[32m| copy                 |     1.117 ms | 2.8358% |[0m
[96m[                    ][0m
[32m| pre:fft              |  679.000 µs | 1.7238% |[0m
[96m[                    ][0m
[32m| mel                  |  480.000 µs | 1.2186% |[0m
[96m[                    ][0m
[32m| dec_wav              |  347.000 µs | 0.8810% |[0m
[96m[                    ][0m
[32m| auto_det             |   90.000 µs | 0.2285% |[0m
[96m[                    ][0m
[32m| mfcc                 |   71.000 µs | 0.1803% |[0m
[96m[                    ][0m
[32m| pre:mel              |   45.000 µs | 0.1142% |[0m
[96m[                    ][0m
[34m| pre:win              |   15.000 µs | 0.0381% |[0m
[96m[                    ][0m
[96m---------------------------------------------------------
[0m[93m[WARN] [0mWarning: max_mel_freq (0.000000) > Nyquist (22000), clamping to 22000
[96m---------------------------------------------------------
| Function             | Exec Time    | % of total runtime |
---------------------------------------------------------[0m
[91m| plt:stft             |    14.345 ms | 71.0535% |[0m
[96m[▰▰▰▰▰▰▰▰▰▰▰▰▰▰      ][0m
[92m| stft                 |     1.422 ms | 7.0434% |[0m
[96m[▰                   ][0m
[92m| plt:mel              |     1.360 ms | 6.7363% |[0m
[96m[▰                   ][0m
[92m| pre:fft              |  927.000 µs | 4.5916% |[0m
[96m[                    ][0m
[32m| plt:mfcc             |  591.000 µs | 2.9273% |[0m
[96m[                    ][0m
[32m| dec_wav              |  525.000 µs | 2.6004% |[0m
[96m[                    ][0m
[32m| copy                 |  325.000 µs | 1.6098% |[0m
[96m[                    ][0m
[32m| mel                  |  296.000 µs | 1.4661% |[0m
[96m[                    ][0m
[32m| auto_det             |  197.000 µs | 0.9758% |[0m
[96m[                    ][0m
[32m| pre:mel              |  105.000 µs | 0.5201% |[0m
[96m[                    ][0m
[32m| pre:win              |   53.000 µs | 0.2625% |[0m
[96m[                    ][0m
[32m| mfcc                 |   43.000 µs | 0.2130% |[0m
[96m[                    ][0m
[96m---------------------------------------------------------
[0m[93m[WARN] [0mWarning: max_mel_freq (0.000000) > Nyquist (22000), clamping to 22000
[96m---------------------------------------------------------
| Function             | Exec Time    | % of total runtime |
---------------------------------------------------------[0m
[91m| plt:stft             |    12.836 ms | 65.5567% |[0m
[96m[▰▰▰▰▰▰▰▰▰▰▰▰▰       ][0m
[33m| plt:mel              |     2.463 ms | 12.5792% |[0m
[96m[▰▰                  ][0m
[92m| stft                 |     1.478 ms | 7.5485% |[0m
[96m[▰                   ][0m
[92m| plt:mfcc             |  673.000 µs | 3.4372% |[0m
[96m[                    ][0m
[92m| pre:fft              |  668.000 µs | 3.4116% |[0m
[96m[                    ][0m
[32m| dec_wav              |  526.000 µs | 2.6864% |[0m
[96m[                    ][0m
[32m| copy                 |  353.000 µs | 1.8029% |[0m
[96m[                    ][0m
[32m| mel                  |  318.000 µs | 1.6241% |[0m
[96m[                    ][0m
[32m| auto_det             |  186.000 µs | 0.9499% |[0m
[96m[                    ][0m
[32m| mfcc                 |   38.000 µs | 0.1941% |[0m
[96m[                    ][0m
[32m| pre:win              |   24.000 µs | 0.1226% |[0m
[96m[                    ][0m
[32m| pre:mel              |   17.000 µs | 0.0868% |[0m
[96m[                    ][0m
[96m---------------------------------------------------------
[0m